<?xml version="1.0" encoding="UTF-8"?>
<!-- Generated by org.testng.reporters.JUnitReportReporter -->
<testsuite hostname="DESKTOP-IJEPG5N" name="script.fb_createAcc" tests="1" failures="0" timestamp="5 Nov 2019 11:12:49 GMT" time="16.075" errors="0">
  <testcase name="createAcc" time="16.075" classname="script.fb_createAcc"/>
</testsuite> <!-- script.fb_createAcc -->
